2016-02-21 12:09:42,782 - HomepageFunctions - INFO - in test
2016-02-21 12:13:35,516 - HomepageFunctions - INFO - in test
2016-02-21 15:52:33,764 - HomepageFunctions - INFO - in test
2016-02-21 15:54:52,299 - HomepageFunctions - INFO - in test
2016-02-21 16:13:43,925 - HomepageFunctions - INFO - in test
2016-02-21 16:54:32,787 - HomepageFunctions - INFO - in close popup method
2016-02-21 16:56:31,067 - HomepageFunctions - INFO - in close popup method
2016-02-21 16:56:31,073 - HomepageFunctions - ERROR - 
2016-02-21 16:56:31,080 - TestSonoma - INFO - in @Beforemethod
2016-02-21 16:56:31,080 - HomepageFunctions - ERROR - 
2016-02-21 16:56:31,081 - TestSonoma - INFO - in test1
2016-02-21 16:56:31,081 - HomepageFunctions - INFO - in method addItemToSaveForLater
2016-02-21 16:56:31,081 - HomepageFunctions - ERROR - 
2016-02-21 16:56:31,082 - TestSonoma - INFO - in @AfterMethod
2016-02-21 16:56:31,084 - TestSonoma - INFO - in @Beforemethod
2016-02-21 16:56:31,084 - HomepageFunctions - ERROR - 
2016-02-21 16:56:31,085 - TestSonoma - INFO - in test2
2016-02-21 16:56:31,085 - HomepageFunctions - ERROR - 
2016-02-21 16:56:31,086 - TestSonoma - INFO - in @AfterMethod
2016-02-21 16:56:31,089 - TestSonoma - INFO - in @AfterTest
2016-02-21 17:01:09,697 - HomepageFunctions - INFO - in close popup method
2016-02-21 17:01:09,703 - HomepageFunctions - ERROR - 
2016-02-21 17:01:09,715 - TestSonoma - INFO - in @Beforemethod
2016-02-21 17:01:09,716 - HomepageFunctions - ERROR - 
2016-02-21 17:01:09,717 - TestSonoma - INFO - in test1
2016-02-21 17:01:09,718 - HomepageFunctions - INFO - in method addItemToSaveForLater
2016-02-21 17:01:09,718 - HomepageFunctions - ERROR - 
2016-02-21 17:01:09,719 - TestSonoma - INFO - in @AfterMethod
2016-02-21 17:01:09,720 - TestSonoma - INFO - in @Beforemethod
2016-02-21 17:01:09,720 - HomepageFunctions - ERROR - 
2016-02-21 17:01:09,721 - TestSonoma - INFO - in test2
2016-02-21 17:01:09,721 - HomepageFunctions - ERROR - 
2016-02-21 17:01:09,722 - TestSonoma - INFO - in @AfterMethod
2016-02-21 17:01:09,724 - TestSonoma - INFO - in @AfterTest
2016-02-21 17:02:41,700 - HomepageFunctions - INFO - in close popup method
2016-02-21 17:02:41,707 - HomepageFunctions - ERROR - java.lang.NullPointerException
2016-02-21 17:02:41,716 - TestSonoma - INFO - in @Beforemethod
2016-02-21 17:02:41,716 - HomepageFunctions - ERROR - java.lang.NullPointerException
2016-02-21 17:02:41,717 - TestSonoma - INFO - in test1
2016-02-21 17:02:41,717 - HomepageFunctions - INFO - in method addItemToSaveForLater
2016-02-21 17:02:41,718 - HomepageFunctions - ERROR - 
2016-02-21 17:02:41,719 - TestSonoma - INFO - in @AfterMethod
2016-02-21 17:02:41,719 - TestSonoma - INFO - in @Beforemethod
2016-02-21 17:02:41,720 - HomepageFunctions - ERROR - java.lang.NullPointerException
2016-02-21 17:02:41,720 - TestSonoma - INFO - in test2
2016-02-21 17:02:41,720 - HomepageFunctions - ERROR - 
2016-02-21 17:02:41,721 - TestSonoma - INFO - in @AfterMethod
2016-02-21 17:02:41,723 - TestSonoma - INFO - in @AfterTest
2016-02-21 17:05:28,542 - HomepageFunctions - INFO - in close popup method
2016-02-21 17:05:28,550 - HomepageFunctions - ERROR - java.lang.NullPointerException
2016-02-21 17:05:28,558 - TestSonoma - INFO - in @Beforemethod
2016-02-21 17:05:28,558 - HomepageFunctions - ERROR - java.lang.NullPointerException
2016-02-21 17:05:28,559 - TestSonoma - INFO - in test1
2016-02-21 17:05:28,560 - HomepageFunctions - INFO - in method addItemToSaveForLater
2016-02-21 17:05:28,560 - HomepageFunctions - ERROR - 
2016-02-21 17:05:28,561 - TestSonoma - INFO - in @AfterMethod
2016-02-21 17:05:28,562 - TestSonoma - INFO - in @Beforemethod
2016-02-21 17:05:28,562 - HomepageFunctions - ERROR - java.lang.NullPointerException
2016-02-21 17:05:28,562 - TestSonoma - INFO - in test2
2016-02-21 17:05:28,563 - HomepageFunctions - ERROR - 
2016-02-21 17:05:28,563 - TestSonoma - INFO - in @AfterMethod
2016-02-21 17:05:28,565 - TestSonoma - INFO - in @AfterTest
2016-02-21 17:06:51,536 - HomepageFunctions - INFO - in close popup method
2016-02-21 17:06:52,636 - HomepageFunctions - INFO - home page popup closed
2016-02-21 17:06:52,646 - TestSonoma - INFO - in @Beforemethod
2016-02-21 17:06:55,938 - TestSonoma - INFO - in test1
2016-02-21 17:06:55,938 - HomepageFunctions - INFO - in method addItemToSaveForLater
2016-02-21 17:06:59,226 - HomepageFunctions - INFO - in page: Cookware, Stainless Steel Pots and Pans | Williams-Sonoma | Williams-Sonoma
2016-02-21 17:07:01,451 - HomepageFunctions - INFO - in page: Stainless Steel Tea Kettles & Copper Tea Kettles | Williams-Sonoma
2016-02-21 17:07:07,122 - HomepageFunctions - INFO - in page: Breville IQ Kettle Pure | Williams-Sonoma
2016-02-21 17:07:08,266 - HomepageFunctions - INFO - in page: Breville IQ Kettle Pure | Williams-Sonoma
2016-02-21 17:07:14,699 - HomepageFunctions - INFO - in page: Shopping Cart | Williams-Sonoma
2016-02-21 17:07:18,900 - HomepageFunctions - INFO - in page: Empty Shopping Cart | Williams-Sonoma
2016-02-21 17:07:18,900 - HomepageFunctions - INFO - Item: Breville IQ Kettle Pure successfully added to Saved item list
2016-02-21 17:07:18,901 - TestSonoma - INFO - in @AfterMethod
2016-02-21 17:07:18,902 - TestSonoma - INFO - in @Beforemethod
2016-02-21 17:07:21,752 - TestSonoma - INFO - in test2
2016-02-21 17:07:25,492 - HomepageFunctions - INFO - in page: Empty Shopping Cart | Williams-Sonoma
2016-02-21 17:07:55,611 - TestSonoma - INFO - in @AfterMethod
2016-02-21 17:07:55,613 - TestSonoma - INFO - in @AfterTest
2016-02-21 17:31:01,283 - HomepageFunctions - INFO - in close popup method
2016-02-21 17:31:02,482 - HomepageFunctions - INFO - home page popup closed
2016-02-21 17:31:02,494 - TestSonoma - INFO - in @Beforemethod
2016-02-21 17:31:06,940 - TestSonoma - INFO - in test1
2016-02-21 17:31:06,941 - HomepageFunctions - INFO - in method addItemToSaveForLater
2016-02-21 17:31:17,776 - HomepageFunctions - INFO - in page: Cookware, Stainless Steel Pots and Pans | Williams-Sonoma | Williams-Sonoma
2016-02-21 17:31:21,570 - HomepageFunctions - INFO - in page: Stainless Steel Tea Kettles & Copper Tea Kettles | Williams-Sonoma
2016-02-21 17:31:28,233 - HomepageFunctions - INFO - in page: Breville IQ Kettle Pure | Williams-Sonoma
2016-02-21 17:31:29,357 - HomepageFunctions - INFO - in page: Breville IQ Kettle Pure | Williams-Sonoma
2016-02-21 17:32:08,186 - HomepageFunctions - INFO - in page: Shopping Cart | Williams-Sonoma
2016-02-21 17:32:17,128 - HomepageFunctions - INFO - in page: Empty Shopping Cart | Williams-Sonoma
2016-02-21 17:32:17,129 - HomepageFunctions - INFO - Item: Breville IQ Kettle Pure successfully added to Saved item list
2016-02-21 17:32:17,129 - TestSonoma - INFO - in @AfterMethod
2016-02-21 17:32:17,130 - TestSonoma - INFO - in @Beforemethod
2016-02-21 17:32:19,799 - TestSonoma - INFO - in test2
2016-02-21 17:32:29,288 - HomepageFunctions - INFO - in page: Empty Shopping Cart | Williams-Sonoma
2016-02-21 17:32:59,422 - TestSonoma - INFO - in @AfterMethod
2016-02-21 17:32:59,425 - TestSonoma - INFO - in @AfterTest
2016-02-21 17:40:36,922 - HomepageFunctions - INFO - in close popup method
2016-02-21 17:40:38,042 - HomepageFunctions - INFO - home page popup closed
2016-02-21 17:40:38,051 - TestSonoma - INFO - in @Beforemethod
2016-02-21 17:40:45,340 - TestSonoma - INFO - in test1
2016-02-21 17:40:45,341 - HomepageFunctions - INFO - in method addItemToSaveForLater
2016-02-21 17:40:52,938 - HomepageFunctions - INFO - in page: Cookware, Stainless Steel Pots and Pans | Williams-Sonoma | Williams-Sonoma
2016-02-21 17:40:56,305 - HomepageFunctions - INFO - in page: Stainless Steel Tea Kettles & Copper Tea Kettles | Williams-Sonoma
2016-02-21 17:41:05,040 - HomepageFunctions - INFO - in page: Breville IQ Kettle Pure | Williams-Sonoma
2016-02-21 17:41:06,122 - HomepageFunctions - INFO - in page: Breville IQ Kettle Pure | Williams-Sonoma
2016-02-21 17:41:16,485 - HomepageFunctions - INFO - in page: Shopping Cart | Williams-Sonoma
2016-02-21 17:41:22,104 - HomepageFunctions - INFO - in page: Empty Shopping Cart | Williams-Sonoma
2016-02-21 17:41:22,105 - HomepageFunctions - INFO - Item: Breville IQ Kettle Pure successfully added to Saved item list
2016-02-21 17:41:26,471 - HomepageFunctions - INFO - in page: Empty Shopping Cart | Williams-Sonoma
2016-02-21 17:41:56,559 - TestSonoma - INFO - in @AfterMethod
2016-02-21 17:41:56,564 - TestSonoma - INFO - in @AfterTest
2016-02-21 18:17:59,738 - CommonFunctions - INFO - org.apache.poi.poifs.filesystem.OfficeXmlFileException: The supplied data appears to be in the Office 2007+ XML. You are calling the part of POI that deals with OLE2 Office Documents. You need to call a different part of POI to process this data (eg XSSF instead of HSSF)
2016-02-21 18:19:08,798 - CommonFunctions - INFO - org.apache.poi.poifs.filesystem.OfficeXmlFileException: The supplied data appears to be in the Office 2007+ XML. You are calling the part of POI that deals with OLE2 Office Documents. You need to call a different part of POI to process this data (eg XSSF instead of HSSF)
2016-02-21 18:27:21,989 - CommonFunctions - INFO - java.lang.NoClassDefFoundError: org/apache/xmlbeans/XmlObject
2016-02-21 18:33:41,649 - HomepageFunctions - INFO - in close popup method
2016-02-21 18:33:42,706 - HomepageFunctions - INFO - home page popup closed
2016-02-21 18:33:43,282 - TestSonoma - INFO - in @Beforemethod
2016-02-21 18:33:49,693 - TestSonoma - INFO - in test1
2016-02-21 18:33:49,694 - HomepageFunctions - INFO - in method addItemToSaveForLater
2016-02-21 18:34:02,861 - HomepageFunctions - INFO - in page: Cookware, Stainless Steel Pots and Pans | Williams-Sonoma | Williams-Sonoma
2016-02-21 18:34:06,178 - HomepageFunctions - INFO - in page: Stainless Steel Tea Kettles & Copper Tea Kettles | Williams-Sonoma
2016-02-21 18:34:31,632 - HomepageFunctions - INFO - in page: Breville IQ Kettle Pure | Williams-Sonoma
2016-02-21 18:34:32,959 - HomepageFunctions - INFO - in page: Breville IQ Kettle Pure | Williams-Sonoma
2016-02-21 18:34:51,104 - HomepageFunctions - INFO - in page: Shopping Cart | Williams-Sonoma
2016-02-21 18:34:56,637 - HomepageFunctions - INFO - in page: Empty Shopping Cart | Williams-Sonoma
2016-02-21 18:34:56,637 - HomepageFunctions - INFO - Item: Breville IQ Kettle Pure successfully added to Saved item list
2016-02-21 18:35:11,630 - HomepageFunctions - INFO - in page: Empty Shopping Cart | Williams-Sonoma
2016-02-21 18:35:41,750 - TestSonoma - INFO - in @AfterMethod
2016-02-21 18:35:41,751 - TestSonoma - INFO - in @Beforemethod
2016-02-21 18:35:46,059 - TestSonoma - INFO - in test1
2016-02-21 18:35:46,062 - HomepageFunctions - INFO - in method addItemToSaveForLater
2016-02-21 18:35:49,639 - HomepageFunctions - INFO - in page: Cutlery, Kitchen Knives & Kitchen Cutlery | Williams-Sonoma
2016-02-21 18:35:51,938 - HomepageFunctions - INFO - in page: Serrated Utility Knives & Kitchen Utility Knives | Williams-Sonoma
2016-02-21 18:35:56,098 - HomepageFunctions - INFO - in page: Shun Classic Utility Knife | Williams-Sonoma
2016-02-21 18:35:56,375 - HomepageFunctions - INFO - in page: Shun Classic Utility Knife | Williams-Sonoma
2016-02-21 18:36:03,935 - HomepageFunctions - INFO - in page: Shopping Cart | Williams-Sonoma
2016-02-21 18:36:08,696 - HomepageFunctions - INFO - in page: Empty Shopping Cart | Williams-Sonoma
2016-02-21 18:36:08,696 - HomepageFunctions - INFO - Item: Shun Classic Utility Knife successfully added to Saved item list
2016-02-21 18:36:15,269 - HomepageFunctions - INFO - in page: Empty Shopping Cart | Williams-Sonoma
2016-02-21 18:36:45,330 - TestSonoma - INFO - in @AfterMethod
2016-02-21 18:36:45,333 - TestSonoma - INFO - in @AfterTest
2016-02-28 07:33:57,955 - HomepageFunctions - INFO - in close popup method
2016-02-28 07:33:58,265 - HomepageFunctions - INFO - home page popup closed
2016-02-28 07:33:59,651 - TestSonoma - INFO - in @Beforemethod
2016-02-28 07:34:02,702 - TestSonoma - INFO - in test1
2016-02-28 07:34:02,705 - HomepageFunctions - INFO - in method addItemToSaveForLater
2016-02-28 07:34:03,208 - HomepageFunctions - ERROR - org.openqa.selenium.ElementNotVisibleException: element not visible
  (Session info: chrome=48.0.2564.116)
  (Driver info: chromedriver=2.19.346078 (6f1f0cde889532d48ce8242342d0b84f94b114a1),platform=Windows NT 6.3 x86_64) (WARNING: The server did not provide any stacktrace information)
Command duration or timeout: 19 milliseconds
Build info: version: '2.48.2', revision: '41bccdd10cf2c0560f637404c2d96164b67d9d67', time: '2015-10-09 13:08:06'
System info: host: 'KrithikK', ip: '192.168.0.108', os.name: 'Windows 8.1', os.arch: 'amd64', os.version: '6.3', java.version: '1.8.0_65'
Driver info: org.openqa.selenium.chrome.ChromeDriver
Capabilities [{applicationCacheEnabled=false, rotatable=false, mobileEmulationEnabled=false, chrome={userDataDir=C:\Users\anukrsh\AppData\Local\Temp\scoped_dir10436_28359}, takesHeapSnapshot=true, databaseEnabled=false, handlesAlerts=true, hasTouchScreen=false, version=48.0.2564.116, platform=WIN8_1, browserConnectionEnabled=false, nativeEvents=true, acceptSslCerts=true, locationContextEnabled=true, webStorageEnabled=true, browserName=chrome, takesScreenshot=true, javascriptEnabled=true, cssSelectorsEnabled=true}]
Session ID: 4694b1e4060421a6330bb2bcf7cf956e
2016-02-28 07:34:10,415 - HomepageFunctions - INFO - in page: Empty Shopping Cart | Williams-Sonoma
2016-02-28 07:34:40,499 - TestSonoma - INFO - in @AfterMethod
2016-02-28 07:34:40,507 - TestSonoma - INFO - in @Beforemethod
2016-02-28 07:34:42,892 - TestSonoma - INFO - in test1
2016-02-28 07:34:42,893 - HomepageFunctions - INFO - in method addItemToSaveForLater
2016-02-28 07:34:43,298 - HomepageFunctions - ERROR - org.openqa.selenium.ElementNotVisibleException: element not visible
  (Session info: chrome=48.0.2564.116)
  (Driver info: chromedriver=2.19.346078 (6f1f0cde889532d48ce8242342d0b84f94b114a1),platform=Windows NT 6.3 x86_64) (WARNING: The server did not provide any stacktrace information)
Command duration or timeout: 48 milliseconds
Build info: version: '2.48.2', revision: '41bccdd10cf2c0560f637404c2d96164b67d9d67', time: '2015-10-09 13:08:06'
System info: host: 'KrithikK', ip: '192.168.0.108', os.name: 'Windows 8.1', os.arch: 'amd64', os.version: '6.3', java.version: '1.8.0_65'
Driver info: org.openqa.selenium.chrome.ChromeDriver
Capabilities [{applicationCacheEnabled=false, rotatable=false, mobileEmulationEnabled=false, chrome={userDataDir=C:\Users\anukrsh\AppData\Local\Temp\scoped_dir10436_28359}, takesHeapSnapshot=true, databaseEnabled=false, handlesAlerts=true, hasTouchScreen=false, version=48.0.2564.116, platform=WIN8_1, browserConnectionEnabled=false, nativeEvents=true, acceptSslCerts=true, locationContextEnabled=true, webStorageEnabled=true, browserName=chrome, takesScreenshot=true, javascriptEnabled=true, cssSelectorsEnabled=true}]
Session ID: 4694b1e4060421a6330bb2bcf7cf956e
2016-02-28 07:34:47,801 - HomepageFunctions - INFO - in page: Empty Shopping Cart | Williams-Sonoma
2016-02-28 07:35:17,869 - TestSonoma - INFO - in @AfterMethod
2016-02-28 07:35:17,879 - TestSonoma - INFO - in @AfterTest
2016-02-28 11:58:12,932 - HomepageFunctions - INFO - in close popup method
2016-02-28 11:58:13,520 - HomepageFunctions - INFO - home page popup closed
2016-02-28 11:58:14,421 - TestSonoma - INFO - in @Beforemethod
2016-02-28 11:58:17,365 - TestSonoma - INFO - in test1
2016-02-28 11:58:17,366 - HomepageFunctions - INFO - in method addItemToSaveForLater
2016-02-28 11:58:17,460 - HomepageFunctions - ERROR - org.openqa.selenium.ElementNotVisibleException: element not visible
  (Session info: chrome=48.0.2564.116)
  (Driver info: chromedriver=2.19.346078 (6f1f0cde889532d48ce8242342d0b84f94b114a1),platform=Windows NT 6.3 x86_64) (WARNING: The server did not provide any stacktrace information)
Command duration or timeout: 49 milliseconds
Build info: version: '2.48.2', revision: '41bccdd10cf2c0560f637404c2d96164b67d9d67', time: '2015-10-09 13:08:06'
System info: host: 'KrithikK', ip: '192.168.0.108', os.name: 'Windows 8.1', os.arch: 'amd64', os.version: '6.3', java.version: '1.8.0_65'
Driver info: org.openqa.selenium.chrome.ChromeDriver
Capabilities [{applicationCacheEnabled=false, rotatable=false, mobileEmulationEnabled=false, chrome={userDataDir=C:\Users\anukrsh\AppData\Local\Temp\scoped_dir4040_3350}, takesHeapSnapshot=true, databaseEnabled=false, handlesAlerts=true, hasTouchScreen=false, version=48.0.2564.116, platform=WIN8_1, browserConnectionEnabled=false, nativeEvents=true, acceptSslCerts=true, locationContextEnabled=true, webStorageEnabled=true, browserName=chrome, takesScreenshot=true, javascriptEnabled=true, cssSelectorsEnabled=true}]
Session ID: 443aa89c29c389a5f12f1e811cf334e2
2016-02-28 11:58:25,638 - HomepageFunctions - INFO - in page: Empty Shopping Cart | Williams-Sonoma
2016-02-28 11:58:55,674 - TestSonoma - INFO - in @AfterMethod
2016-02-28 11:58:55,679 - TestSonoma - INFO - in @Beforemethod
2016-02-28 11:58:58,222 - TestSonoma - INFO - in test1
2016-02-28 11:58:58,225 - HomepageFunctions - INFO - in method addItemToSaveForLater
2016-02-28 11:58:58,468 - HomepageFunctions - ERROR - org.openqa.selenium.ElementNotVisibleException: element not visible
  (Session info: chrome=48.0.2564.116)
  (Driver info: chromedriver=2.19.346078 (6f1f0cde889532d48ce8242342d0b84f94b114a1),platform=Windows NT 6.3 x86_64) (WARNING: The server did not provide any stacktrace information)
Command duration or timeout: 47 milliseconds
Build info: version: '2.48.2', revision: '41bccdd10cf2c0560f637404c2d96164b67d9d67', time: '2015-10-09 13:08:06'
System info: host: 'KrithikK', ip: '192.168.0.108', os.name: 'Windows 8.1', os.arch: 'amd64', os.version: '6.3', java.version: '1.8.0_65'
Driver info: org.openqa.selenium.chrome.ChromeDriver
Capabilities [{applicationCacheEnabled=false, rotatable=false, mobileEmulationEnabled=false, chrome={userDataDir=C:\Users\anukrsh\AppData\Local\Temp\scoped_dir4040_3350}, takesHeapSnapshot=true, databaseEnabled=false, handlesAlerts=true, hasTouchScreen=false, version=48.0.2564.116, platform=WIN8_1, browserConnectionEnabled=false, nativeEvents=true, acceptSslCerts=true, locationContextEnabled=true, webStorageEnabled=true, browserName=chrome, takesScreenshot=true, javascriptEnabled=true, cssSelectorsEnabled=true}]
Session ID: 443aa89c29c389a5f12f1e811cf334e2
2016-02-28 11:59:12,841 - HomepageFunctions - ERROR - org.openqa.selenium.WebDriverException: chrome not reachable
  (Session info: chrome=48.0.2564.116)
  (Driver info: chromedriver=2.19.346078 (6f1f0cde889532d48ce8242342d0b84f94b114a1),platform=Windows NT 6.3 x86_64) (WARNING: The server did not provide any stacktrace information)
Command duration or timeout: 2.01 seconds
Build info: version: '2.48.2', revision: '41bccdd10cf2c0560f637404c2d96164b67d9d67', time: '2015-10-09 13:08:06'
System info: host: 'KrithikK', ip: '192.168.0.108', os.name: 'Windows 8.1', os.arch: 'amd64', os.version: '6.3', java.version: '1.8.0_65'
Driver info: org.openqa.selenium.chrome.ChromeDriver
Capabilities [{applicationCacheEnabled=false, rotatable=false, mobileEmulationEnabled=false, chrome={userDataDir=C:\Users\anukrsh\AppData\Local\Temp\scoped_dir4040_3350}, takesHeapSnapshot=true, databaseEnabled=false, handlesAlerts=true, hasTouchScreen=false, version=48.0.2564.116, platform=WIN8_1, browserConnectionEnabled=false, nativeEvents=true, acceptSslCerts=true, locationContextEnabled=true, webStorageEnabled=true, browserName=chrome, takesScreenshot=true, javascriptEnabled=true, cssSelectorsEnabled=true}]
Session ID: 443aa89c29c389a5f12f1e811cf334e2
2016-02-28 11:59:12,865 - TestSonoma - INFO - in @AfterMethod
2016-02-28 11:59:12,873 - TestSonoma - INFO - in @AfterTest
2016-02-28 11:59:49,217 - HomepageFunctions - INFO - in close popup method
2016-02-28 11:59:49,800 - HomepageFunctions - INFO - home page popup closed
2016-02-28 11:59:50,708 - TestSonoma - INFO - in @Beforemethod
2016-02-28 11:59:53,196 - TestSonoma - INFO - in test1
2016-02-28 11:59:53,201 - HomepageFunctions - INFO - in method addItemToSaveForLater
2016-02-28 11:59:53,822 - HomepageFunctions - ERROR - org.openqa.selenium.ElementNotVisibleException: element not visible
  (Session info: chrome=48.0.2564.116)
  (Driver info: chromedriver=2.19.346078 (6f1f0cde889532d48ce8242342d0b84f94b114a1),platform=Windows NT 6.3 x86_64) (WARNING: The server did not provide any stacktrace information)
Command duration or timeout: 36 milliseconds
Build info: version: '2.48.2', revision: '41bccdd10cf2c0560f637404c2d96164b67d9d67', time: '2015-10-09 13:08:06'
System info: host: 'KrithikK', ip: '192.168.0.108', os.name: 'Windows 8.1', os.arch: 'amd64', os.version: '6.3', java.version: '1.8.0_65'
Driver info: org.openqa.selenium.chrome.ChromeDriver
Capabilities [{applicationCacheEnabled=false, rotatable=false, mobileEmulationEnabled=false, chrome={userDataDir=C:\Users\anukrsh\AppData\Local\Temp\scoped_dir4308_1734}, takesHeapSnapshot=true, databaseEnabled=false, handlesAlerts=true, hasTouchScreen=false, version=48.0.2564.116, platform=WIN8_1, browserConnectionEnabled=false, nativeEvents=true, acceptSslCerts=true, locationContextEnabled=true, webStorageEnabled=true, browserName=chrome, takesScreenshot=true, javascriptEnabled=true, cssSelectorsEnabled=true}]
Session ID: 8b8f7f73597626d4dac4fb38a172eb2e
2016-02-28 12:00:00,866 - HomepageFunctions - INFO - in page: Empty Shopping Cart | Williams-Sonoma
2016-02-28 12:00:30,910 - TestSonoma - INFO - in @AfterMethod
2016-02-28 12:00:30,914 - TestSonoma - INFO - in @Beforemethod
2016-02-28 12:00:33,223 - TestSonoma - INFO - in test1
2016-02-28 12:00:33,223 - HomepageFunctions - INFO - in method addItemToSaveForLater
2016-02-28 12:00:33,717 - HomepageFunctions - ERROR - org.openqa.selenium.ElementNotVisibleException: element not visible
  (Session info: chrome=48.0.2564.116)
  (Driver info: chromedriver=2.19.346078 (6f1f0cde889532d48ce8242342d0b84f94b114a1),platform=Windows NT 6.3 x86_64) (WARNING: The server did not provide any stacktrace information)
Command duration or timeout: 456 milliseconds
Build info: version: '2.48.2', revision: '41bccdd10cf2c0560f637404c2d96164b67d9d67', time: '2015-10-09 13:08:06'
System info: host: 'KrithikK', ip: '192.168.0.108', os.name: 'Windows 8.1', os.arch: 'amd64', os.version: '6.3', java.version: '1.8.0_65'
Driver info: org.openqa.selenium.chrome.ChromeDriver
Capabilities [{applicationCacheEnabled=false, rotatable=false, mobileEmulationEnabled=false, chrome={userDataDir=C:\Users\anukrsh\AppData\Local\Temp\scoped_dir4308_1734}, takesHeapSnapshot=true, databaseEnabled=false, handlesAlerts=true, hasTouchScreen=false, version=48.0.2564.116, platform=WIN8_1, browserConnectionEnabled=false, nativeEvents=true, acceptSslCerts=true, locationContextEnabled=true, webStorageEnabled=true, browserName=chrome, takesScreenshot=true, javascriptEnabled=true, cssSelectorsEnabled=true}]
Session ID: 8b8f7f73597626d4dac4fb38a172eb2e
2016-02-28 12:00:42,057 - HomepageFunctions - INFO - in page: Empty Shopping Cart | Williams-Sonoma
2016-02-28 12:01:12,104 - TestSonoma - INFO - in @AfterMethod
2016-02-28 12:01:12,115 - TestSonoma - INFO - in @AfterTest
2016-08-24 16:32:55,695 - HomepageFunctions - INFO - in close popup method
2016-08-24 16:33:23,596 - HomepageFunctions - ERROR - java.lang.NullPointerException
2016-08-24 16:33:26,268 - TestSonoma - INFO - in @Beforemethod
2016-08-24 16:33:26,274 - HomepageFunctions - ERROR - org.openqa.selenium.NoSuchWindowException: no such window: target window already closed
from unknown error: web view not found
  (Session info: chrome=52.0.2743.116)
  (Driver info: chromedriver=2.19.346078 (6f1f0cde889532d48ce8242342d0b84f94b114a1),platform=Windows NT 6.3 x86_64) (WARNING: The server did not provide any stacktrace information)
Command duration or timeout: 4 milliseconds
Build info: version: '2.48.2', revision: '41bccdd10cf2c0560f637404c2d96164b67d9d67', time: '2015-10-09 13:08:06'
System info: host: 'KrithikK', ip: '192.168.0.106', os.name: 'Windows 8.1', os.arch: 'amd64', os.version: '6.3', java.version: '1.8.0_65'
Driver info: org.openqa.selenium.chrome.ChromeDriver
Capabilities [{applicationCacheEnabled=false, rotatable=false, mobileEmulationEnabled=false, chrome={userDataDir=C:\Users\anukrsh\AppData\Local\Temp\scoped_dir13348_934}, takesHeapSnapshot=true, databaseEnabled=false, handlesAlerts=true, hasTouchScreen=false, version=52.0.2743.116, platform=WIN8_1, browserConnectionEnabled=false, nativeEvents=true, acceptSslCerts=true, locationContextEnabled=true, webStorageEnabled=true, browserName=chrome, takesScreenshot=true, javascriptEnabled=true, cssSelectorsEnabled=true}]
Session ID: b7153c60079f4439903228ba3574da62
*** Element info: {Using=xpath, value=//*[@id='sub-brand-bar-container']/section/ul/li[1]/a}
2016-08-24 16:33:26,430 - TestSonoma - INFO - in test1
2016-08-24 16:33:26,433 - HomepageFunctions - INFO - in method addItemToSaveForLater
2016-08-24 16:33:26,491 - HomepageFunctions - ERROR - org.openqa.selenium.NoSuchWindowException: no such window: target window already closed
from unknown error: web view not found
  (Session info: chrome=52.0.2743.116)
  (Driver info: chromedriver=2.19.346078 (6f1f0cde889532d48ce8242342d0b84f94b114a1),platform=Windows NT 6.3 x86_64) (WARNING: The server did not provide any stacktrace information)
Command duration or timeout: 57 milliseconds
Build info: version: '2.48.2', revision: '41bccdd10cf2c0560f637404c2d96164b67d9d67', time: '2015-10-09 13:08:06'
System info: host: 'KrithikK', ip: '192.168.0.106', os.name: 'Windows 8.1', os.arch: 'amd64', os.version: '6.3', java.version: '1.8.0_65'
Driver info: org.openqa.selenium.chrome.ChromeDriver
Capabilities [{applicationCacheEnabled=false, rotatable=false, mobileEmulationEnabled=false, chrome={userDataDir=C:\Users\anukrsh\AppData\Local\Temp\scoped_dir13348_934}, takesHeapSnapshot=true, databaseEnabled=false, handlesAlerts=true, hasTouchScreen=false, version=52.0.2743.116, platform=WIN8_1, browserConnectionEnabled=false, nativeEvents=true, acceptSslCerts=true, locationContextEnabled=true, webStorageEnabled=true, browserName=chrome, takesScreenshot=true, javascriptEnabled=true, cssSelectorsEnabled=true}]
Session ID: b7153c60079f4439903228ba3574da62
*** Element info: {Using=xpath, value=//a[contains(@href,'cm_type=gnav')][contains(text(),'Cookware')]}
2016-08-24 16:33:26,504 - HomepageFunctions - ERROR - org.openqa.selenium.NoSuchWindowException: no such window: target window already closed
from unknown error: web view not found
  (Session info: chrome=52.0.2743.116)
  (Driver info: chromedriver=2.19.346078 (6f1f0cde889532d48ce8242342d0b84f94b114a1),platform=Windows NT 6.3 x86_64) (WARNING: The server did not provide any stacktrace information)
Command duration or timeout: 10 milliseconds
Build info: version: '2.48.2', revision: '41bccdd10cf2c0560f637404c2d96164b67d9d67', time: '2015-10-09 13:08:06'
System info: host: 'KrithikK', ip: '192.168.0.106', os.name: 'Windows 8.1', os.arch: 'amd64', os.version: '6.3', java.version: '1.8.0_65'
Driver info: org.openqa.selenium.chrome.ChromeDriver
Capabilities [{applicationCacheEnabled=false, rotatable=false, mobileEmulationEnabled=false, chrome={userDataDir=C:\Users\anukrsh\AppData\Local\Temp\scoped_dir13348_934}, takesHeapSnapshot=true, databaseEnabled=false, handlesAlerts=true, hasTouchScreen=false, version=52.0.2743.116, platform=WIN8_1, browserConnectionEnabled=false, nativeEvents=true, acceptSslCerts=true, locationContextEnabled=true, webStorageEnabled=true, browserName=chrome, takesScreenshot=true, javascriptEnabled=true, cssSelectorsEnabled=true}]
Session ID: b7153c60079f4439903228ba3574da62
*** Element info: {Using=xpath, value=//*[@id='sub-brand-bar-container']/section/ul/li[1]/a}
2016-08-24 16:33:26,523 - HomepageFunctions - ERROR - org.openqa.selenium.NoSuchWindowException: no such window: target window already closed
from unknown error: web view not found
  (Session info: chrome=52.0.2743.116)
  (Driver info: chromedriver=2.19.346078 (6f1f0cde889532d48ce8242342d0b84f94b114a1),platform=Windows NT 6.3 x86_64) (WARNING: The server did not provide any stacktrace information)
Command duration or timeout: 17 milliseconds
Build info: version: '2.48.2', revision: '41bccdd10cf2c0560f637404c2d96164b67d9d67', time: '2015-10-09 13:08:06'
System info: host: 'KrithikK', ip: '192.168.0.106', os.name: 'Windows 8.1', os.arch: 'amd64', os.version: '6.3', java.version: '1.8.0_65'
Driver info: org.openqa.selenium.chrome.ChromeDriver
Capabilities [{applicationCacheEnabled=false, rotatable=false, mobileEmulationEnabled=false, chrome={userDataDir=C:\Users\anukrsh\AppData\Local\Temp\scoped_dir13348_934}, takesHeapSnapshot=true, databaseEnabled=false, handlesAlerts=true, hasTouchScreen=false, version=52.0.2743.116, platform=WIN8_1, browserConnectionEnabled=false, nativeEvents=true, acceptSslCerts=true, locationContextEnabled=true, webStorageEnabled=true, browserName=chrome, takesScreenshot=true, javascriptEnabled=true, cssSelectorsEnabled=true}]
Session ID: b7153c60079f4439903228ba3574da62
*** Element info: {Using=xpath, value=//a[@class='view-cart'][contains(text(),'Cart')]}
2016-08-24 16:33:26,527 - TestSonoma - INFO - in @AfterMethod
2016-08-24 16:33:26,528 - TestSonoma - INFO - in @Beforemethod
2016-08-24 16:33:26,551 - HomepageFunctions - ERROR - org.openqa.selenium.NoSuchWindowException: no such window: target window already closed
from unknown error: web view not found
  (Session info: chrome=52.0.2743.116)
  (Driver info: chromedriver=2.19.346078 (6f1f0cde889532d48ce8242342d0b84f94b114a1),platform=Windows NT 6.3 x86_64) (WARNING: The server did not provide any stacktrace information)
Command duration or timeout: 23 milliseconds
Build info: version: '2.48.2', revision: '41bccdd10cf2c0560f637404c2d96164b67d9d67', time: '2015-10-09 13:08:06'
System info: host: 'KrithikK', ip: '192.168.0.106', os.name: 'Windows 8.1', os.arch: 'amd64', os.version: '6.3', java.version: '1.8.0_65'
Driver info: org.openqa.selenium.chrome.ChromeDriver
Capabilities [{applicationCacheEnabled=false, rotatable=false, mobileEmulationEnabled=false, chrome={userDataDir=C:\Users\anukrsh\AppData\Local\Temp\scoped_dir13348_934}, takesHeapSnapshot=true, databaseEnabled=false, handlesAlerts=true, hasTouchScreen=false, version=52.0.2743.116, platform=WIN8_1, browserConnectionEnabled=false, nativeEvents=true, acceptSslCerts=true, locationContextEnabled=true, webStorageEnabled=true, browserName=chrome, takesScreenshot=true, javascriptEnabled=true, cssSelectorsEnabled=true}]
Session ID: b7153c60079f4439903228ba3574da62
*** Element info: {Using=xpath, value=//*[@id='sub-brand-bar-container']/section/ul/li[1]/a}
2016-08-24 16:33:26,554 - TestSonoma - INFO - in test1
2016-08-24 16:33:26,555 - HomepageFunctions - INFO - in method addItemToSaveForLater
2016-08-24 16:33:26,561 - HomepageFunctions - ERROR - org.openqa.selenium.NoSuchWindowException: no such window: target window already closed
from unknown error: web view not found
  (Session info: chrome=52.0.2743.116)
  (Driver info: chromedriver=2.19.346078 (6f1f0cde889532d48ce8242342d0b84f94b114a1),platform=Windows NT 6.3 x86_64) (WARNING: The server did not provide any stacktrace information)
Command duration or timeout: 6 milliseconds
Build info: version: '2.48.2', revision: '41bccdd10cf2c0560f637404c2d96164b67d9d67', time: '2015-10-09 13:08:06'
System info: host: 'KrithikK', ip: '192.168.0.106', os.name: 'Windows 8.1', os.arch: 'amd64', os.version: '6.3', java.version: '1.8.0_65'
Driver info: org.openqa.selenium.chrome.ChromeDriver
Capabilities [{applicationCacheEnabled=false, rotatable=false, mobileEmulationEnabled=false, chrome={userDataDir=C:\Users\anukrsh\AppData\Local\Temp\scoped_dir13348_934}, takesHeapSnapshot=true, databaseEnabled=false, handlesAlerts=true, hasTouchScreen=false, version=52.0.2743.116, platform=WIN8_1, browserConnectionEnabled=false, nativeEvents=true, acceptSslCerts=true, locationContextEnabled=true, webStorageEnabled=true, browserName=chrome, takesScreenshot=true, javascriptEnabled=true, cssSelectorsEnabled=true}]
Session ID: b7153c60079f4439903228ba3574da62
*** Element info: {Using=xpath, value=//a[contains(@href,'cm_type=gnav')][contains(text(),'Cutlery')]}
2016-08-24 16:33:26,572 - HomepageFunctions - ERROR - org.openqa.selenium.NoSuchWindowException: no such window: target window already closed
from unknown error: web view not found
  (Session info: chrome=52.0.2743.116)
  (Driver info: chromedriver=2.19.346078 (6f1f0cde889532d48ce8242342d0b84f94b114a1),platform=Windows NT 6.3 x86_64) (WARNING: The server did not provide any stacktrace information)
Command duration or timeout: 8 milliseconds
Build info: version: '2.48.2', revision: '41bccdd10cf2c0560f637404c2d96164b67d9d67', time: '2015-10-09 13:08:06'
System info: host: 'KrithikK', ip: '192.168.0.106', os.name: 'Windows 8.1', os.arch: 'amd64', os.version: '6.3', java.version: '1.8.0_65'
Driver info: org.openqa.selenium.chrome.ChromeDriver
Capabilities [{applicationCacheEnabled=false, rotatable=false, mobileEmulationEnabled=false, chrome={userDataDir=C:\Users\anukrsh\AppData\Local\Temp\scoped_dir13348_934}, takesHeapSnapshot=true, databaseEnabled=false, handlesAlerts=true, hasTouchScreen=false, version=52.0.2743.116, platform=WIN8_1, browserConnectionEnabled=false, nativeEvents=true, acceptSslCerts=true, locationContextEnabled=true, webStorageEnabled=true, browserName=chrome, takesScreenshot=true, javascriptEnabled=true, cssSelectorsEnabled=true}]
Session ID: b7153c60079f4439903228ba3574da62
*** Element info: {Using=xpath, value=//*[@id='sub-brand-bar-container']/section/ul/li[1]/a}
2016-08-24 16:33:26,595 - HomepageFunctions - ERROR - org.openqa.selenium.NoSuchWindowException: no such window: target window already closed
from unknown error: web view not found
  (Session info: chrome=52.0.2743.116)
  (Driver info: chromedriver=2.19.346078 (6f1f0cde889532d48ce8242342d0b84f94b114a1),platform=Windows NT 6.3 x86_64) (WARNING: The server did not provide any stacktrace information)
Command duration or timeout: 20 milliseconds
Build info: version: '2.48.2', revision: '41bccdd10cf2c0560f637404c2d96164b67d9d67', time: '2015-10-09 13:08:06'
System info: host: 'KrithikK', ip: '192.168.0.106', os.name: 'Windows 8.1', os.arch: 'amd64', os.version: '6.3', java.version: '1.8.0_65'
Driver info: org.openqa.selenium.chrome.ChromeDriver
Capabilities [{applicationCacheEnabled=false, rotatable=false, mobileEmulationEnabled=false, chrome={userDataDir=C:\Users\anukrsh\AppData\Local\Temp\scoped_dir13348_934}, takesHeapSnapshot=true, databaseEnabled=false, handlesAlerts=true, hasTouchScreen=false, version=52.0.2743.116, platform=WIN8_1, browserConnectionEnabled=false, nativeEvents=true, acceptSslCerts=true, locationContextEnabled=true, webStorageEnabled=true, browserName=chrome, takesScreenshot=true, javascriptEnabled=true, cssSelectorsEnabled=true}]
Session ID: b7153c60079f4439903228ba3574da62
*** Element info: {Using=xpath, value=//a[@class='view-cart'][contains(text(),'Cart')]}
2016-08-24 16:33:26,600 - TestSonoma - INFO - in @AfterMethod
2016-08-24 16:33:26,605 - TestSonoma - INFO - in @AfterTest
2016-08-24 16:40:11,835 - HomepageFunctions - INFO - in close popup method
2016-08-24 16:40:41,926 - HomepageFunctions - ERROR - org.openqa.selenium.NoSuchElementException: no such element: Unable to locate element: {"method":"xpath","selector":"//a[@title='Close' and contains(@class, 'overlayCloseX')]"}
  (Session info: chrome=52.0.2743.116)
  (Driver info: chromedriver=2.19.346078 (6f1f0cde889532d48ce8242342d0b84f94b114a1),platform=Windows NT 6.3 x86_64) (WARNING: The server did not provide any stacktrace information)
Command duration or timeout: 30.02 seconds
For documentation on this error, please visit: http://seleniumhq.org/exceptions/no_such_element.html
Build info: version: '2.48.2', revision: '41bccdd10cf2c0560f637404c2d96164b67d9d67', time: '2015-10-09 13:08:06'
System info: host: 'KrithikK', ip: '192.168.0.106', os.name: 'Windows 8.1', os.arch: 'amd64', os.version: '6.3', java.version: '1.8.0_65'
Driver info: org.openqa.selenium.chrome.ChromeDriver
Capabilities [{applicationCacheEnabled=false, rotatable=false, mobileEmulationEnabled=false, chrome={userDataDir=C:\Users\anukrsh\AppData\Local\Temp\scoped_dir9140_14353}, takesHeapSnapshot=true, databaseEnabled=false, handlesAlerts=true, hasTouchScreen=false, version=52.0.2743.116, platform=WIN8_1, browserConnectionEnabled=false, nativeEvents=true, acceptSslCerts=true, locationContextEnabled=true, webStorageEnabled=true, browserName=chrome, takesScreenshot=true, javascriptEnabled=true, cssSelectorsEnabled=true}]
Session ID: 058f54921385e96b0144480ead9806b3
*** Element info: {Using=xpath, value=//a[@title='Close' and contains(@class, 'overlayCloseX')]}
2016-08-24 16:40:42,900 - TestSonoma - INFO - in @Beforemethod
2016-08-24 16:40:50,788 - TestSonoma - INFO - in test1
2016-08-24 16:40:50,789 - HomepageFunctions - INFO - in method addItemToSaveForLater
2016-08-24 16:40:50,837 - HomepageFunctions - ERROR - org.openqa.selenium.ElementNotVisibleException: element not visible
  (Session info: chrome=52.0.2743.116)
  (Driver info: chromedriver=2.19.346078 (6f1f0cde889532d48ce8242342d0b84f94b114a1),platform=Windows NT 6.3 x86_64) (WARNING: The server did not provide any stacktrace information)
Command duration or timeout: 22 milliseconds
Build info: version: '2.48.2', revision: '41bccdd10cf2c0560f637404c2d96164b67d9d67', time: '2015-10-09 13:08:06'
System info: host: 'KrithikK', ip: '192.168.0.106', os.name: 'Windows 8.1', os.arch: 'amd64', os.version: '6.3', java.version: '1.8.0_65'
Driver info: org.openqa.selenium.chrome.ChromeDriver
Capabilities [{applicationCacheEnabled=false, rotatable=false, mobileEmulationEnabled=false, chrome={userDataDir=C:\Users\anukrsh\AppData\Local\Temp\scoped_dir9140_14353}, takesHeapSnapshot=true, databaseEnabled=false, handlesAlerts=true, hasTouchScreen=false, version=52.0.2743.116, platform=WIN8_1, browserConnectionEnabled=false, nativeEvents=true, acceptSslCerts=true, locationContextEnabled=true, webStorageEnabled=true, browserName=chrome, takesScreenshot=true, javascriptEnabled=true, cssSelectorsEnabled=true}]
Session ID: 058f54921385e96b0144480ead9806b3
2016-08-24 16:40:59,189 - HomepageFunctions - INFO - in page: Empty Shopping Cart | Williams-Sonoma
2016-08-24 16:41:14,999 - HomepageFunctions - ERROR - java.lang.NullPointerException
2016-08-24 16:41:15,001 - TestSonoma - INFO - in @AfterMethod
2016-08-24 16:41:15,002 - TestSonoma - INFO - in @Beforemethod
2016-08-24 16:41:15,014 - HomepageFunctions - ERROR - org.openqa.selenium.NoSuchWindowException: no such window: target window already closed
from unknown error: web view not found
  (Session info: chrome=52.0.2743.116)
  (Driver info: chromedriver=2.19.346078 (6f1f0cde889532d48ce8242342d0b84f94b114a1),platform=Windows NT 6.3 x86_64) (WARNING: The server did not provide any stacktrace information)
Command duration or timeout: 11 milliseconds
Build info: version: '2.48.2', revision: '41bccdd10cf2c0560f637404c2d96164b67d9d67', time: '2015-10-09 13:08:06'
System info: host: 'KrithikK', ip: '192.168.0.106', os.name: 'Windows 8.1', os.arch: 'amd64', os.version: '6.3', java.version: '1.8.0_65'
Driver info: org.openqa.selenium.chrome.ChromeDriver
Capabilities [{applicationCacheEnabled=false, rotatable=false, mobileEmulationEnabled=false, chrome={userDataDir=C:\Users\anukrsh\AppData\Local\Temp\scoped_dir9140_14353}, takesHeapSnapshot=true, databaseEnabled=false, handlesAlerts=true, hasTouchScreen=false, version=52.0.2743.116, platform=WIN8_1, browserConnectionEnabled=false, nativeEvents=true, acceptSslCerts=true, locationContextEnabled=true, webStorageEnabled=true, browserName=chrome, takesScreenshot=true, javascriptEnabled=true, cssSelectorsEnabled=true}]
Session ID: 058f54921385e96b0144480ead9806b3
*** Element info: {Using=xpath, value=//*[@id='sub-brand-bar-container']/section/ul/li[1]/a}
2016-08-24 16:41:15,018 - TestSonoma - INFO - in test1
2016-08-24 16:41:15,018 - HomepageFunctions - INFO - in method addItemToSaveForLater
2016-08-24 16:41:15,024 - HomepageFunctions - ERROR - org.openqa.selenium.NoSuchWindowException: no such window: target window already closed
from unknown error: web view not found
  (Session info: chrome=52.0.2743.116)
  (Driver info: chromedriver=2.19.346078 (6f1f0cde889532d48ce8242342d0b84f94b114a1),platform=Windows NT 6.3 x86_64) (WARNING: The server did not provide any stacktrace information)
Command duration or timeout: 5 milliseconds
Build info: version: '2.48.2', revision: '41bccdd10cf2c0560f637404c2d96164b67d9d67', time: '2015-10-09 13:08:06'
System info: host: 'KrithikK', ip: '192.168.0.106', os.name: 'Windows 8.1', os.arch: 'amd64', os.version: '6.3', java.version: '1.8.0_65'
Driver info: org.openqa.selenium.chrome.ChromeDriver
Capabilities [{applicationCacheEnabled=false, rotatable=false, mobileEmulationEnabled=false, chrome={userDataDir=C:\Users\anukrsh\AppData\Local\Temp\scoped_dir9140_14353}, takesHeapSnapshot=true, databaseEnabled=false, handlesAlerts=true, hasTouchScreen=false, version=52.0.2743.116, platform=WIN8_1, browserConnectionEnabled=false, nativeEvents=true, acceptSslCerts=true, locationContextEnabled=true, webStorageEnabled=true, browserName=chrome, takesScreenshot=true, javascriptEnabled=true, cssSelectorsEnabled=true}]
Session ID: 058f54921385e96b0144480ead9806b3
*** Element info: {Using=xpath, value=//a[contains(@href,'cm_type=gnav')][contains(text(),'Cutlery')]}
2016-08-24 16:41:15,034 - HomepageFunctions - ERROR - org.openqa.selenium.NoSuchWindowException: no such window: target window already closed
from unknown error: web view not found
  (Session info: chrome=52.0.2743.116)
  (Driver info: chromedriver=2.19.346078 (6f1f0cde889532d48ce8242342d0b84f94b114a1),platform=Windows NT 6.3 x86_64) (WARNING: The server did not provide any stacktrace information)
Command duration or timeout: 6 milliseconds
Build info: version: '2.48.2', revision: '41bccdd10cf2c0560f637404c2d96164b67d9d67', time: '2015-10-09 13:08:06'
System info: host: 'KrithikK', ip: '192.168.0.106', os.name: 'Windows 8.1', os.arch: 'amd64', os.version: '6.3', java.version: '1.8.0_65'
Driver info: org.openqa.selenium.chrome.ChromeDriver
Capabilities [{applicationCacheEnabled=false, rotatable=false, mobileEmulationEnabled=false, chrome={userDataDir=C:\Users\anukrsh\AppData\Local\Temp\scoped_dir9140_14353}, takesHeapSnapshot=true, databaseEnabled=false, handlesAlerts=true, hasTouchScreen=false, version=52.0.2743.116, platform=WIN8_1, browserConnectionEnabled=false, nativeEvents=true, acceptSslCerts=true, locationContextEnabled=true, webStorageEnabled=true, browserName=chrome, takesScreenshot=true, javascriptEnabled=true, cssSelectorsEnabled=true}]
Session ID: 058f54921385e96b0144480ead9806b3
*** Element info: {Using=xpath, value=//*[@id='sub-brand-bar-container']/section/ul/li[1]/a}
2016-08-24 16:41:15,040 - HomepageFunctions - ERROR - org.openqa.selenium.NoSuchWindowException: no such window: target window already closed
from unknown error: web view not found
  (Session info: chrome=52.0.2743.116)
  (Driver info: chromedriver=2.19.346078 (6f1f0cde889532d48ce8242342d0b84f94b114a1),platform=Windows NT 6.3 x86_64) (WARNING: The server did not provide any stacktrace information)
Command duration or timeout: 5 milliseconds
Build info: version: '2.48.2', revision: '41bccdd10cf2c0560f637404c2d96164b67d9d67', time: '2015-10-09 13:08:06'
System info: host: 'KrithikK', ip: '192.168.0.106', os.name: 'Windows 8.1', os.arch: 'amd64', os.version: '6.3', java.version: '1.8.0_65'
Driver info: org.openqa.selenium.chrome.ChromeDriver
Capabilities [{applicationCacheEnabled=false, rotatable=false, mobileEmulationEnabled=false, chrome={userDataDir=C:\Users\anukrsh\AppData\Local\Temp\scoped_dir9140_14353}, takesHeapSnapshot=true, databaseEnabled=false, handlesAlerts=true, hasTouchScreen=false, version=52.0.2743.116, platform=WIN8_1, browserConnectionEnabled=false, nativeEvents=true, acceptSslCerts=true, locationContextEnabled=true, webStorageEnabled=true, browserName=chrome, takesScreenshot=true, javascriptEnabled=true, cssSelectorsEnabled=true}]
Session ID: 058f54921385e96b0144480ead9806b3
*** Element info: {Using=xpath, value=//a[@class='view-cart'][contains(text(),'Cart')]}
2016-08-24 16:41:15,047 - TestSonoma - INFO - in @AfterMethod
2016-08-24 16:41:15,050 - TestSonoma - INFO - in @AfterTest
